<?xml version="1.0" encoding="UTF-8"?>
<testsuite name="com.service.ReplyServiceTests" tests="1" skipped="0" failures="0" errors="0" timestamp="2022-07-12T06:26:00" hostname="LAPTOP-FRC5UJUP" time="0.129">
  <properties/>
  <testcase name="testInsert()" classname="com.service.ReplyServiceTests" time="0.129"/>
  <system-out><![CDATA[03:25:59  INFO [org.springframework.test.context.support.DefaultTestContextBootstrapper] Loaded default TestExecutionListener class names from location [META-INF/spring.factories]: [org.springframework.test.context.web.ServletTestExecutionListener, org.springframework.test.context.support.DirtiesContextBeforeModesTestExecutionListener, org.springframework.test.context.event.ApplicationEventsTestExecutionListener, org.springframework.test.context.support.DependencyInjectionTestExecutionListener, org.springframework.test.context.support.DirtiesContextTestExecutionListener, org.springframework.test.context.transaction.TransactionalTestExecutionListener, org.springframework.test.context.jdbc.SqlScriptsTestExecutionListener, org.springframework.test.context.event.EventPublishingTestExecutionListener]
03:25:59  INFO [org.springframework.test.context.support.DefaultTestContextBootstrapper] Using TestExecutionListeners: [org.springframework.test.context.support.DirtiesContextBeforeModesTestExecutionListener@6e28bb87, org.springframework.test.context.event.ApplicationEventsTestExecutionListener@19f040ba, org.springframework.test.context.support.DependencyInjectionTestExecutionListener@72ab05ed, org.springframework.test.context.support.DirtiesContextTestExecutionListener@27e32fe4, org.springframework.test.context.transaction.TransactionalTestExecutionListener@c3c4c1c, org.springframework.test.context.jdbc.SqlScriptsTestExecutionListener@17d238b1, org.springframework.test.context.event.EventPublishingTestExecutionListener@3d7cc3cb]
03:26:00  INFO [com.zaxxer.hikari.HikariDataSource] HikariPool-1 - Starting...
03:26:00  INFO [com.zaxxer.hikari.pool.HikariPool] HikariPool-1 - Added connection org.mariadb.jdbc.Connection@414f13fc
03:26:00  INFO [com.zaxxer.hikari.HikariDataSource] HikariPool-1 - Start completed.
03:26:00  INFO [com.aop.LogAdvice] ------------------
03:26:00  INFO [com.aop.LogAdvice] ------------------
03:26:00  INFO [com.aop.LogAdvice] [ReplyDTO(rno=null, bno=67, replyText=테스트 댓글, replyer=user00, regDate=null, updateDate=null)]
03:26:00  INFO [com.aop.LogAdvice] ------------------
03:26:00  INFO [com.aop.LogAdvice] ------------------
03:26:00 DEBUG [com.mapper.ReplyMapper.insert] ==>  Preparing: insert into table_reply (bno , replyText , replyer) values (? , ? , ?)
03:26:00 DEBUG [com.mapper.ReplyMapper.insert] ==> Parameters: 67(Integer), 테스트 댓글(String), user00(String)
03:26:00 DEBUG [com.mapper.ReplyMapper.insert] <==    Updates: 1
03:26:00 DEBUG [com.mapper.BoardMapper.updateReplyCount] ==>  Preparing: update table_name set replyCount = replyCount + ? where bno = ?
03:26:00 DEBUG [com.mapper.BoardMapper.updateReplyCount] ==> Parameters: 1(Integer), 67(Integer)
03:26:00 DEBUG [com.mapper.BoardMapper.updateReplyCount] <==    Updates: 1
]]></system-out>
  <system-err><![CDATA[]]></system-err>
</testsuite>
