<?xml version="1.0" encoding="UTF-8"?>
<testsuite name="com.service.ReplyServiceTests" tests="1" skipped="0" failures="0" errors="0" timestamp="2022-07-08T11:48:04" hostname="LAPTOP-FRC5UJUP" time="0.136">
  <properties/>
  <testcase name="testInsert()" classname="com.service.ReplyServiceTests" time="0.136"/>
  <system-out><![CDATA[08:48:03  INFO [org.springframework.test.context.support.DefaultTestContextBootstrapper] Loaded default TestExecutionListener class names from location [META-INF/spring.factories]: [org.springframework.test.context.web.ServletTestExecutionListener, org.springframework.test.context.support.DirtiesContextBeforeModesTestExecutionListener, org.springframework.test.context.event.ApplicationEventsTestExecutionListener, org.springframework.test.context.support.DependencyInjectionTestExecutionListener, org.springframework.test.context.support.DirtiesContextTestExecutionListener, org.springframework.test.context.transaction.TransactionalTestExecutionListener, org.springframework.test.context.jdbc.SqlScriptsTestExecutionListener, org.springframework.test.context.event.EventPublishingTestExecutionListener]
08:48:03  INFO [org.springframework.test.context.support.DefaultTestContextBootstrapper] Using TestExecutionListeners: [org.springframework.test.context.support.DirtiesContextBeforeModesTestExecutionListener@6e28bb87, org.springframework.test.context.event.ApplicationEventsTestExecutionListener@19f040ba, org.springframework.test.context.support.DependencyInjectionTestExecutionListener@72ab05ed, org.springframework.test.context.support.DirtiesContextTestExecutionListener@27e32fe4, org.springframework.test.context.transaction.TransactionalTestExecutionListener@c3c4c1c, org.springframework.test.context.jdbc.SqlScriptsTestExecutionListener@17d238b1, org.springframework.test.context.event.EventPublishingTestExecutionListener@3d7cc3cb]
08:48:04  INFO [com.zaxxer.hikari.HikariDataSource] HikariPool-1 - Starting...
08:48:04  INFO [com.zaxxer.hikari.pool.HikariPool] HikariPool-1 - Added connection org.mariadb.jdbc.Connection@414f13fc
08:48:04  INFO [com.zaxxer.hikari.HikariDataSource] HikariPool-1 - Start completed.
08:48:04  INFO [com.aop.LogAdvice] ------------------
08:48:04  INFO [com.aop.LogAdvice] ------------------
08:48:04  INFO [com.aop.LogAdvice] [ReplyDTO(rno=null, bno=65, replyText=테스트 댓글, replyer=user00, regDate=null, updateDate=null)]
08:48:04  INFO [com.aop.LogAdvice] ------------------
08:48:04  INFO [com.aop.LogAdvice] ------------------
08:48:04 DEBUG [com.mapper.ReplyMapper.insert] ==>  Preparing: insert into table_reply (bno , replyText , replyer) values (? , ? , ?)
08:48:04 DEBUG [com.mapper.ReplyMapper.insert] ==> Parameters: 65(Integer), 테스트 댓글(String), user00(String)
08:48:04 DEBUG [com.mapper.ReplyMapper.insert] <==    Updates: 1
08:48:04 DEBUG [com.mapper.BoardMapper.updateReplyCount] ==>  Preparing: update table_name set replyCount = replyCount + ? where bno = ?
08:48:04 DEBUG [com.mapper.BoardMapper.updateReplyCount] ==> Parameters: 1(Integer), 65(Integer)
08:48:04 DEBUG [com.mapper.BoardMapper.updateReplyCount] <==    Updates: 1
]]></system-out>
  <system-err><![CDATA[]]></system-err>
</testsuite>
